<?xml version="1.0" encoding="UTF-8"?>
<testng-results skipped="0" failed="0" total="3" passed="3">
  <reporter-output>
  </reporter-output>
  <suite name="Default suite" duration-ms="9286" started-at="2016-04-19T00:51:56Z" finished-at="2016-04-19T00:52:05Z">
    <groups>
    </groups>
    <test name="Default test" duration-ms="9286" started-at="2016-04-19T00:51:56Z" finished-at="2016-04-19T00:52:05Z">
      <class name="com.test.TestNGData">
        <test-method status="PASS" signature="beforeClass()[pri:0, instance:com.test.TestNGData@3962a02c]" name="beforeClass" is-config="true" duration-ms="2228" started-at="2016-04-19T08:51:56Z" finished-at="2016-04-19T08:51:58Z">
          <reporter-output>
          </reporter-output>
        </test-method> <!-- beforeClass -->
        <test-method status="PASS" signature="testBMI(java.lang.String, java.lang.String)[pri:0, instance:com.test.TestNGData@3962a02c]" name="testBMI" duration-ms="1972" started-at="2016-04-19T08:51:59Z" data-provider="testData2" finished-at="2016-04-19T08:52:01Z">
          <params>
            <param index="0">
              <value>
                <![CDATA[163]]>
              </value>
            </param>
            <param index="1">
              <value>
                <![CDATA[65]]>
              </value>
            </param>
          </params>
          <reporter-output>
          </reporter-output>
        </test-method> <!-- testBMI -->
        <test-method status="PASS" signature="testBMI(java.lang.String, java.lang.String)[pri:0, instance:com.test.TestNGData@3962a02c]" name="testBMI" duration-ms="1296" started-at="2016-04-19T08:52:01Z" data-provider="testData2" finished-at="2016-04-19T08:52:03Z">
          <params>
            <param index="0">
              <value>
                <![CDATA[163]]>
              </value>
            </param>
            <param index="1">
              <value>
                <![CDATA[70]]>
              </value>
            </param>
          </params>
          <reporter-output>
          </reporter-output>
        </test-method> <!-- testBMI -->
        <test-method status="PASS" signature="testBMI(java.lang.String, java.lang.String)[pri:0, instance:com.test.TestNGData@3962a02c]" name="testBMI" duration-ms="1352" started-at="2016-04-19T08:52:03Z" data-provider="testData2" finished-at="2016-04-19T08:52:04Z">
          <params>
            <param index="0">
              <value>
                <![CDATA[163]]>
              </value>
            </param>
            <param index="1">
              <value>
                <![CDATA[75]]>
              </value>
            </param>
          </params>
          <reporter-output>
          </reporter-output>
        </test-method> <!-- testBMI -->
        <test-method status="PASS" signature="afterClass()[pri:0, instance:com.test.TestNGData@3962a02c]" name="afterClass" is-config="true" duration-ms="1094" started-at="2016-04-19T08:52:04Z" finished-at="2016-04-19T08:52:05Z">
          <reporter-output>
          </reporter-output>
        </test-method> <!-- afterClass -->
      </class> <!-- com.test.TestNGData -->
    </test> <!-- Default test -->
  </suite> <!-- Default suite -->
</testng-results>
